app/build/intermediates/manifest_merge_blame_file/debug/manifest-merger-blame-debug-report.txt
1<?xml version="1.0" encoding="utf-8"?>
2<manifest xmlns:android="http://schemas.android.com/apk/res/android"
3    package="com.shindra"
4    android:versionCode="1"
5    android:versionName="1.0" >
6
7    <uses-sdk
8        android:minSdkVersion="26"
8-->src\main\AndroidManifest.xml
9        android:targetSdkVersion="30" />
9-->src\main\AndroidManifest.xml
10
11    <uses-permission android:name="android.permission.INTERNET" />
11-->src\main\AndroidManifest.xml:5:5-83
11-->src\main\AndroidManifest.xml:5:22-64
12
13    <application
13-->src\main\AndroidManifest.xml:7:5-22:19
14        android:name="com.shindra.MyApplication"
14-->src\main\AndroidManifest.xml:9:9-38
15        android:allowBackup="true"
15-->src\main\AndroidManifest.xml:8:9-35
16        android:appComponentFactory="androidx.core.app.CoreComponentFactory"
16-->[androidx.core:core:1.3.2] AndroidManifest.xml:24:18-86
17        android:debuggable="true"
18        android:extractNativeLibs="false"
19        android:icon="@mipmap/ic_launcher"
19-->src\main\AndroidManifest.xml:10:9-43
20        android:label="@string/app_name"
20-->src\main\AndroidManifest.xml:11:9-41
21        android:roundIcon="@mipmap/ic_launcher_round"
21-->src\main\AndroidManifest.xml:12:9-54
22        android:supportsRtl="true"
22-->src\main\AndroidManifest.xml:13:9-35
23        android:testOnly="true"
24        android:theme="@style/Theme.CtsAppFip3A" >
24-->src\main\AndroidManifest.xml:14:9-49
25        <activity android:name="com.shindra.MainActivity" >
25-->src\main\AndroidManifest.xml:15:9-21:20
25-->src\main\AndroidManifest.xml:15:19-47
26            <intent-filter>
26-->src\main\AndroidManifest.xml:16:13-20:29
27                <action android:name="android.intent.action.MAIN" />
27-->src\main\AndroidManifest.xml:17:17-69
27-->src\main\AndroidManifest.xml:17:25-66
28
29                <category android:name="android.intent.category.LAUNCHER" />
29-->src\main\AndroidManifest.xml:19:17-77
29-->src\main\AndroidManifest.xml:19:27-74
30            </intent-filter>
31        </activity>
32        <activity
32-->[com.github.chuckerteam.chucker:library:3.3.0] AndroidManifest.xml:10:9-15:52
33            android:name="com.chuckerteam.chucker.internal.ui.MainActivity"
33-->[com.github.chuckerteam.chucker:library:3.3.0] AndroidManifest.xml:11:13-76
34            android:label="@string/chucker_name"
34-->[com.github.chuckerteam.chucker:library:3.3.0] AndroidManifest.xml:12:13-49
35            android:launchMode="singleTask"
35-->[com.github.chuckerteam.chucker:library:3.3.0] AndroidManifest.xml:13:13-44
36            android:taskAffinity="com.chuckerteam.chucker.task"
36-->[com.github.chuckerteam.chucker:library:3.3.0] AndroidManifest.xml:14:13-64
37            android:theme="@style/Chucker.Theme" />
37-->[com.github.chuckerteam.chucker:library:3.3.0] AndroidManifest.xml:15:13-49
38        <activity
38-->[com.github.chuckerteam.chucker:library:3.3.0] AndroidManifest.xml:16:9-19:52
39            android:name="com.chuckerteam.chucker.internal.ui.transaction.TransactionActivity"
39-->[com.github.chuckerteam.chucker:library:3.3.0] AndroidManifest.xml:17:13-95
40            android:parentActivityName="com.chuckerteam.chucker.internal.ui.MainActivity"
40-->[com.github.chuckerteam.chucker:library:3.3.0] AndroidManifest.xml:18:13-90
41            android:theme="@style/Chucker.Theme" />
41-->[com.github.chuckerteam.chucker:library:3.3.0] AndroidManifest.xml:19:13-49
42        <activity
42-->[com.github.chuckerteam.chucker:library:3.3.0] AndroidManifest.xml:20:9-23:52
43            android:name="com.chuckerteam.chucker.internal.ui.throwable.ThrowableActivity"
43-->[com.github.chuckerteam.chucker:library:3.3.0] AndroidManifest.xml:21:13-91
44            android:parentActivityName="com.chuckerteam.chucker.internal.ui.MainActivity"
44-->[com.github.chuckerteam.chucker:library:3.3.0] AndroidManifest.xml:22:13-90
45            android:theme="@style/Chucker.Theme" />
45-->[com.github.chuckerteam.chucker:library:3.3.0] AndroidManifest.xml:23:13-49
46
47        <service
47-->[com.github.chuckerteam.chucker:library:3.3.0] AndroidManifest.xml:25:9-27:40
48            android:name="com.chuckerteam.chucker.internal.support.ClearDatabaseService"
48-->[com.github.chuckerteam.chucker:library:3.3.0] AndroidManifest.xml:26:13-89
49            android:exported="false" />
49-->[com.github.chuckerteam.chucker:library:3.3.0] AndroidManifest.xml:27:13-37
50
51        <provider
51-->[com.github.chuckerteam.chucker:library:3.3.0] AndroidManifest.xml:29:9-37:20
52            android:name="com.chuckerteam.chucker.internal.support.ChuckerFileProvider"
52-->[com.github.chuckerteam.chucker:library:3.3.0] AndroidManifest.xml:30:13-88
53            android:authorities="com.shindra.com.chuckerteam.chucker.provider"
53-->[com.github.chuckerteam.chucker:library:3.3.0] AndroidManifest.xml:31:13-84
54            android:exported="false"
54-->[com.github.chuckerteam.chucker:library:3.3.0] AndroidManifest.xml:32:13-37
55            android:grantUriPermissions="true" >
55-->[com.github.chuckerteam.chucker:library:3.3.0] AndroidManifest.xml:33:13-47
56            <meta-data
56-->[com.github.chuckerteam.chucker:library:3.3.0] AndroidManifest.xml:34:13-36:66
57                android:name="android.support.FILE_PROVIDER_PATHS"
57-->[com.github.chuckerteam.chucker:library:3.3.0] AndroidManifest.xml:35:17-67
58                android:resource="@xml/chucker_provider_paths" />
58-->[com.github.chuckerteam.chucker:library:3.3.0] AndroidManifest.xml:36:17-63
59        </provider>
60
61        <service
61-->[androidx.room:room-runtime:2.3.0-alpha03] AndroidManifest.xml:25:9-28:40
62            android:name="androidx.room.MultiInstanceInvalidationService"
62-->[androidx.room:room-runtime:2.3.0-alpha03] AndroidManifest.xml:26:13-74
63            android:directBootAware="true"
63-->[androidx.room:room-runtime:2.3.0-alpha03] AndroidManifest.xml:27:13-43
64            android:exported="false" />
64-->[androidx.room:room-runtime:2.3.0-alpha03] AndroidManifest.xml:28:13-37
65    </application>
66
67</manifest>